2026-02-28 14:45:34.266 | INFO     | __main__:main:1330 - SC-OTS Simplicial Complex Construction Pipeline Validation
2026-02-28 14:45:34.266 | INFO     | __main__:main:1331 - ============================================================
2026-02-28 14:45:34.266 | INFO     | __main__:load_all_datasets:125 - Loading data from /home/adrian/projects/temp/ai-inventor-old3/aii_pipeline/runs/run__20260228_133939/3_invention_loop/iter_1/gen_art/data_id3_it1__opus/full_data_out.json
2026-02-28 14:45:35.301 | INFO     | __main__:load_all_datasets:127 - Loaded 10 datasets, 63205 total examples
2026-02-28 14:45:35.336 | INFO     | __main__:load_all_datasets:160 -   friedman1: X=(5000, 10), task=regression, features=10
2026-02-28 14:45:35.349 | INFO     | __main__:load_all_datasets:160 -   friedman3: X=(5000, 4), task=regression, features=4
2026-02-28 14:45:35.384 | INFO     | __main__:load_all_datasets:160 -   synth_3way: X=(5000, 15), task=regression, features=15
2026-02-28 14:45:35.425 | INFO     | __main__:load_all_datasets:160 -   synth_4way: X=(5000, 20), task=regression, features=20
2026-02-28 14:45:35.429 | INFO     | __main__:load_all_datasets:160 -   diabetes: X=(768, 8), task=classification, features=8
2026-02-28 14:45:35.443 | INFO     | __main__:load_all_datasets:160 -   breast_w: X=(699, 9), task=classification, features=9
2026-02-28 14:45:35.665 | INFO     | __main__:load_all_datasets:160 -   adult: X=(10000, 96), task=classification, features=96
2026-02-28 14:45:35.701 | INFO     | __main__:load_all_datasets:160 -   wine_quality: X=(6497, 11), task=regression, features=11
2026-02-28 14:45:35.831 | INFO     | __main__:load_all_datasets:160 -   california_housing: X=(20640, 8), task=regression, features=8
2026-02-28 14:45:35.898 | INFO     | __main__:load_all_datasets:160 -   spambase: X=(4601, 57), task=classification, features=57
2026-02-28 14:45:35.955 | INFO     | __main__:step1_dcor_matrices:211 - ============================================================
2026-02-28 14:45:35.956 | INFO     | __main__:step1_dcor_matrices:212 - STEP 1: Pairwise Distance Correlation Matrices
2026-02-28 14:45:35.956 | INFO     | __main__:step1_dcor_matrices:213 - ============================================================
2026-02-28 14:45:35.956 | INFO     | __main__:step1_dcor_matrices:220 - Computing dCor matrix for friedman1 (n=5000, p=10)
2026-02-28 14:45:36.068 | INFO     | __main__:step1_dcor_matrices:224 -   dCor matrix computed in 0.1s
2026-02-28 14:45:36.069 | INFO     | __main__:step1_dcor_matrices:220 - Computing dCor matrix for friedman3 (n=5000, p=4)
2026-02-28 14:45:36.085 | INFO     | __main__:step1_dcor_matrices:224 -   dCor matrix computed in 0.0s
2026-02-28 14:45:36.086 | INFO     | __main__:step1_dcor_matrices:220 - Computing dCor matrix for synth_3way (n=5000, p=15)
2026-02-28 14:45:36.373 | INFO     | __main__:step1_dcor_matrices:224 -   dCor matrix computed in 0.3s
2026-02-28 14:45:36.374 | INFO     | __main__:step1_dcor_matrices:220 - Computing dCor matrix for synth_4way (n=5000, p=20)
2026-02-28 14:45:36.914 | INFO     | __main__:step1_dcor_matrices:224 -   dCor matrix computed in 0.5s
2026-02-28 14:45:36.915 | INFO     | __main__:step1_dcor_matrices:220 - Computing dCor matrix for diabetes (n=768, p=8)
2026-02-28 14:45:36.946 | INFO     | __main__:step1_dcor_matrices:224 -   dCor matrix computed in 0.0s
2026-02-28 14:45:36.947 | INFO     | __main__:step1_dcor_matrices:220 - Computing dCor matrix for breast_w (n=699, p=9)
2026-02-28 14:45:36.977 | INFO     | __main__:step1_dcor_matrices:224 -   dCor matrix computed in 0.0s
2026-02-28 14:45:36.978 | INFO     | __main__:step1_dcor_matrices:220 - Computing dCor matrix for adult (n=10000, p=96)
2026-02-28 14:45:47.005 | INFO     | __main__:step1_dcor_matrices:224 -   dCor matrix computed in 10.0s
2026-02-28 14:45:47.986 | INFO     | __main__:step1_dcor_matrices:220 - Computing dCor matrix for wine_quality (n=6497, p=11)
2026-02-28 14:45:48.202 | INFO     | __main__:step1_dcor_matrices:224 -   dCor matrix computed in 0.2s
2026-02-28 14:45:48.206 | INFO     | __main__:step1_dcor_matrices:220 - Computing dCor matrix for california_housing (n=20640, p=8)
2026-02-28 14:45:48.281 | INFO     | __main__:step1_dcor_matrices:224 -   dCor matrix computed in 0.1s
2026-02-28 14:45:48.282 | INFO     | __main__:step1_dcor_matrices:220 - Computing dCor matrix for spambase (n=4601, p=57)
2026-02-28 14:45:52.728 | INFO     | __main__:step1_dcor_matrices:224 -   dCor matrix computed in 4.4s
2026-02-28 14:45:52.903 | INFO     | __main__:step2_triangle_inequality:277 - ============================================================
2026-02-28 14:45:52.904 | INFO     | __main__:step2_triangle_inequality:278 - STEP 2: Triangle Inequality Verification
2026-02-28 14:45:52.904 | INFO     | __main__:step2_triangle_inequality:279 - ============================================================
2026-02-28 14:45:52.904 | INFO     | __main__:step2_triangle_inequality:283 - Checking triangle inequality for friedman1 (p=10)
2026-02-28 14:45:52.904 | INFO     | __main__:step2_triangle_inequality:295 -   1-dCor: 0/360 violations (rate=0.000000)
2026-02-28 14:45:52.905 | INFO     | __main__:step2_triangle_inequality:300 -   sqrt(1-dCor): 0/360 violations (rate=0.000000)
2026-02-28 14:45:52.905 | INFO     | __main__:step2_triangle_inequality:283 - Checking triangle inequality for friedman3 (p=4)
2026-02-28 14:45:52.905 | INFO     | __main__:step2_triangle_inequality:295 -   1-dCor: 0/12 violations (rate=0.000000)
2026-02-28 14:45:52.905 | INFO     | __main__:step2_triangle_inequality:300 -   sqrt(1-dCor): 0/12 violations (rate=0.000000)
2026-02-28 14:45:52.905 | INFO     | __main__:step2_triangle_inequality:283 - Checking triangle inequality for synth_3way (p=15)
2026-02-28 14:45:52.907 | INFO     | __main__:step2_triangle_inequality:295 -   1-dCor: 0/1365 violations (rate=0.000000)
2026-02-28 14:45:52.909 | INFO     | __main__:step2_triangle_inequality:300 -   sqrt(1-dCor): 0/1365 violations (rate=0.000000)
2026-02-28 14:45:52.909 | INFO     | __main__:step2_triangle_inequality:283 - Checking triangle inequality for synth_4way (p=20)
2026-02-28 14:45:52.911 | INFO     | __main__:step2_triangle_inequality:295 -   1-dCor: 0/3420 violations (rate=0.000000)
2026-02-28 14:45:52.913 | INFO     | __main__:step2_triangle_inequality:300 -   sqrt(1-dCor): 0/3420 violations (rate=0.000000)
2026-02-28 14:45:52.914 | INFO     | __main__:step2_triangle_inequality:283 - Checking triangle inequality for diabetes (p=8)
2026-02-28 14:45:52.914 | INFO     | __main__:step2_triangle_inequality:295 -   1-dCor: 0/168 violations (rate=0.000000)
2026-02-28 14:45:52.914 | INFO     | __main__:step2_triangle_inequality:300 -   sqrt(1-dCor): 0/168 violations (rate=0.000000)
2026-02-28 14:45:52.914 | INFO     | __main__:step2_triangle_inequality:283 - Checking triangle inequality for breast_w (p=9)
2026-02-28 14:45:52.914 | INFO     | __main__:step2_triangle_inequality:295 -   1-dCor: 0/252 violations (rate=0.000000)
2026-02-28 14:45:52.915 | INFO     | __main__:step2_triangle_inequality:300 -   sqrt(1-dCor): 0/252 violations (rate=0.000000)
2026-02-28 14:45:52.915 | INFO     | __main__:step2_triangle_inequality:283 - Checking triangle inequality for adult (p=96)
2026-02-28 14:45:53.239 | INFO     | __main__:step2_triangle_inequality:295 -   1-dCor: 4/428640 violations (rate=0.000009)
2026-02-28 14:45:53.546 | INFO     | __main__:step2_triangle_inequality:300 -   sqrt(1-dCor): 0/428640 violations (rate=0.000000)
2026-02-28 14:45:53.547 | INFO     | __main__:step2_triangle_inequality:283 - Checking triangle inequality for wine_quality (p=11)
2026-02-28 14:45:53.547 | INFO     | __main__:step2_triangle_inequality:295 -   1-dCor: 0/495 violations (rate=0.000000)
2026-02-28 14:45:53.548 | INFO     | __main__:step2_triangle_inequality:300 -   sqrt(1-dCor): 0/495 violations (rate=0.000000)
2026-02-28 14:45:53.548 | INFO     | __main__:step2_triangle_inequality:283 - Checking triangle inequality for california_housing (p=8)
2026-02-28 14:45:53.548 | INFO     | __main__:step2_triangle_inequality:295 -   1-dCor: 0/168 violations (rate=0.000000)
2026-02-28 14:45:53.549 | INFO     | __main__:step2_triangle_inequality:300 -   sqrt(1-dCor): 0/168 violations (rate=0.000000)
2026-02-28 14:45:53.549 | INFO     | __main__:step2_triangle_inequality:283 - Checking triangle inequality for spambase (p=57)
2026-02-28 14:45:53.605 | INFO     | __main__:step2_triangle_inequality:295 -   1-dCor: 0/87780 violations (rate=0.000000)
2026-02-28 14:45:53.680 | INFO     | __main__:step2_triangle_inequality:300 -   sqrt(1-dCor): 0/87780 violations (rate=0.000000)
2026-02-28 14:45:53.681 | INFO     | __main__:step3_rips_filtrations:409 - ============================================================
2026-02-28 14:45:53.681 | INFO     | __main__:step3_rips_filtrations:410 - STEP 3: Rips Filtration Construction
2026-02-28 14:45:53.681 | INFO     | __main__:step3_rips_filtrations:411 - ============================================================
2026-02-28 14:45:53.682 | INFO     | __main__:step3_rips_filtrations:418 - Building Rips filtration for friedman1
2026-02-28 14:45:53.682 | INFO     | __main__:step3_rips_filtrations:434 -   Using 1-dCor (raw violations=0, sqrt violations=0)
2026-02-28 14:45:53.685 | INFO     | __main__:step3_rips_filtrations:441 -   Built in 0.0s, Betti=[1, 0, 0, 0], gap_threshold=0.9621
2026-02-28 14:45:53.686 | INFO     | __main__:step3_rips_filtrations:418 - Building Rips filtration for friedman3
2026-02-28 14:45:53.686 | INFO     | __main__:step3_rips_filtrations:434 -   Using 1-dCor (raw violations=0, sqrt violations=0)
2026-02-28 14:45:53.687 | INFO     | __main__:step3_rips_filtrations:441 -   Built in 0.0s, Betti=[1, 0, 0], gap_threshold=0.9654
2026-02-28 14:45:53.687 | INFO     | __main__:step3_rips_filtrations:418 - Building Rips filtration for synth_3way
2026-02-28 14:45:53.687 | INFO     | __main__:step3_rips_filtrations:434 -   Using 1-dCor (raw violations=0, sqrt violations=0)
2026-02-28 14:45:53.730 | INFO     | __main__:step3_rips_filtrations:441 -   Built in 0.0s, Betti=[1, 0, 0, 0], gap_threshold=0.9347
2026-02-28 14:45:53.730 | INFO     | __main__:step3_rips_filtrations:418 - Building Rips filtration for synth_4way
2026-02-28 14:45:53.730 | INFO     | __main__:step3_rips_filtrations:434 -   Using 1-dCor (raw violations=0, sqrt violations=0)
2026-02-28 14:45:54.100 | INFO     | __main__:step3_rips_filtrations:441 -   Built in 0.4s, Betti=[1, 0, 0, 0], gap_threshold=0.9572
2026-02-28 14:45:54.100 | INFO     | __main__:step3_rips_filtrations:418 - Building Rips filtration for diabetes
2026-02-28 14:45:54.101 | INFO     | __main__:step3_rips_filtrations:434 -   Using 1-dCor (raw violations=0, sqrt violations=0)
2026-02-28 14:45:54.102 | INFO     | __main__:step3_rips_filtrations:441 -   Built in 0.0s, Betti=[1, 0, 0, 0], gap_threshold=0.5279
2026-02-28 14:45:54.106 | INFO     | __main__:step3_rips_filtrations:418 - Building Rips filtration for breast_w
2026-02-28 14:45:54.106 | INFO     | __main__:step3_rips_filtrations:434 -   Using 1-dCor (raw violations=0, sqrt violations=0)
2026-02-28 14:45:54.108 | INFO     | __main__:step3_rips_filtrations:441 -   Built in 0.0s, Betti=[1, 0, 0, 0], gap_threshold=0.4302
2026-02-28 14:45:54.111 | INFO     | __main__:step3_rips_filtrations:418 - Building Rips filtration for adult
2026-02-28 14:45:54.112 | INFO     | __main__:step3_rips_filtrations:434 -   Using sqrt(1-dCor) (raw violations=4, sqrt violations=0)
2026-02-28 14:46:18.566 | INFO     | __main__:step3_rips_filtrations:441 -   Built in 24.5s, Betti=[1, 0, 0], gap_threshold=0.5107
2026-02-28 14:46:18.567 | INFO     | __main__:step3_rips_filtrations:418 - Building Rips filtration for wine_quality
2026-02-28 14:46:18.568 | INFO     | __main__:step3_rips_filtrations:434 -   Using 1-dCor (raw violations=0, sqrt violations=0)
2026-02-28 14:46:18.574 | INFO     | __main__:step3_rips_filtrations:441 -   Built in 0.0s, Betti=[1, 0, 0, 0], gap_threshold=0.3953
2026-02-28 14:46:18.575 | INFO     | __main__:step3_rips_filtrations:418 - Building Rips filtration for california_housing
2026-02-28 14:46:18.575 | INFO     | __main__:step3_rips_filtrations:434 -   Using 1-dCor (raw violations=0, sqrt violations=0)
2026-02-28 14:46:18.576 | INFO     | __main__:step3_rips_filtrations:441 -   Built in 0.0s, Betti=[1, 0, 0, 0], gap_threshold=0.2100
2026-02-28 14:46:18.577 | INFO     | __main__:step3_rips_filtrations:418 - Building Rips filtration for spambase
2026-02-28 14:46:18.577 | INFO     | __main__:step3_rips_filtrations:434 -   Using 1-dCor (raw violations=0, sqrt violations=0)
2026-02-28 14:46:20.235 | INFO     | __main__:step3_rips_filtrations:441 -   Built in 1.7s, Betti=[1, 0, 0], gap_threshold=0.1150
2026-02-28 14:46:20.236 | INFO     | __main__:step4_interaction_recovery:489 - ============================================================
2026-02-28 14:46:20.237 | INFO     | __main__:step4_interaction_recovery:490 - STEP 4: Interaction Recovery (Precision/Recall)
2026-02-28 14:46:20.237 | INFO     | __main__:step4_interaction_recovery:491 - ============================================================
2026-02-28 14:46:20.238 | INFO     | __main__:step4_interaction_recovery:503 - friedman1: 1 ground-truth simplices, 1 after closure expansion
2026-02-28 14:46:20.239 | INFO     | __main__:step4_interaction_recovery:539 -   friedman1: F1@optimal=0.016 (t=0.9701), F1@gap=0.000 (t=0.9621)
2026-02-28 14:46:20.239 | INFO     | __main__:step4_interaction_recovery:503 - friedman3: 3 ground-truth simplices, 11 after closure expansion
2026-02-28 14:46:20.240 | INFO     | __main__:step4_interaction_recovery:539 -   friedman3: F1@optimal=1.000 (t=0.9779), F1@gap=0.308 (t=0.9654)
2026-02-28 14:46:20.240 | INFO     | __main__:step4_interaction_recovery:503 - synth_3way: 2 ground-truth simplices, 5 after closure expansion
2026-02-28 14:46:20.243 | INFO     | __main__:step4_interaction_recovery:539 -   synth_3way: F1@optimal=0.078 (t=0.9628), F1@gap=0.000 (t=0.9347)
2026-02-28 14:46:20.243 | INFO     | __main__:step4_interaction_recovery:503 - synth_4way: 2 ground-truth simplices, 12 after closure expansion
2026-02-28 14:46:20.253 | INFO     | __main__:step4_interaction_recovery:539 -   synth_4way: F1@optimal=0.129 (t=0.9528), F1@gap=0.098 (t=0.9572)
2026-02-28 14:46:20.254 | INFO     | __main__:step5_clique_inflation:552 - ============================================================
2026-02-28 14:46:20.254 | INFO     | __main__:step5_clique_inflation:553 - STEP 5: Clique Inflation Analysis
2026-02-28 14:46:20.254 | INFO     | __main__:step5_clique_inflation:554 - ============================================================
2026-02-28 14:46:20.255 | INFO     | __main__:step5_clique_inflation:570 - Analyzing clique inflation for friedman1 at gap_threshold=0.9621
2026-02-28 14:46:20.255 | INFO     | __main__:step5_clique_inflation:596 -   dim=1: 13 total, 0 genuine, 0 inflation (rate=0.000)
2026-02-28 14:46:20.255 | INFO     | __main__:step5_clique_inflation:596 -   dim=2: 1 total, 0 genuine, 1 inflation (rate=1.000)
2026-02-28 14:46:20.255 | INFO     | __main__:step5_clique_inflation:570 - Analyzing clique inflation for friedman3 at gap_threshold=0.9654
2026-02-28 14:46:20.256 | INFO     | __main__:step5_clique_inflation:596 -   dim=1: 2 total, 2 genuine, 0 inflation (rate=0.000)
2026-02-28 14:46:20.256 | INFO     | __main__:step5_clique_inflation:570 - Analyzing clique inflation for synth_3way at gap_threshold=0.9347
2026-02-28 14:46:20.256 | INFO     | __main__:step5_clique_inflation:596 -   dim=1: 1 total, 0 genuine, 0 inflation (rate=0.000)
2026-02-28 14:46:20.257 | INFO     | __main__:step5_clique_inflation:570 - Analyzing clique inflation for synth_4way at gap_threshold=0.9572
2026-02-28 14:46:20.257 | INFO     | __main__:step5_clique_inflation:596 -   dim=1: 28 total, 2 genuine, 0 inflation (rate=0.000)
2026-02-28 14:46:20.257 | INFO     | __main__:step5_clique_inflation:596 -   dim=2: 1 total, 0 genuine, 1 inflation (rate=1.000)
2026-02-28 14:46:20.257 | INFO     | __main__:step6_hsic_comparison:650 - ============================================================
2026-02-28 14:46:20.258 | INFO     | __main__:step6_hsic_comparison:651 - STEP 6: HSIC Comparison (friedman1)
2026-02-28 14:46:20.258 | INFO     | __main__:step6_hsic_comparison:652 - ============================================================
2026-02-28 14:46:20.258 | INFO     | __main__:step6_hsic_comparison:661 - Computing HSIC matrix for friedman1 (n=5000, p=10)
2026-02-28 14:47:37.854 | INFO     | __main__:step6_hsic_comparison:666 - HSIC matrix computed in 77.6s
2026-02-28 14:47:37.858 | INFO     | __main__:step6_hsic_comparison:730 -   dCor optimal F1=0.016, HSIC optimal F1=0.045 -> comparable
2026-02-28 14:47:37.858 | INFO     | __main__:step7_real_datasets:745 - ============================================================
2026-02-28 14:47:37.858 | INFO     | __main__:step7_real_datasets:746 - STEP 7: Real Dataset Characterization
2026-02-28 14:47:37.858 | INFO     | __main__:step7_real_datasets:747 - ============================================================
2026-02-28 14:47:37.859 | INFO     | __main__:step7_real_datasets:815 -   diabetes: edges=2, triangles=0, participation=0.50
2026-02-28 14:47:37.859 | INFO     | __main__:step7_real_datasets:815 -   breast_w: edges=24, triangles=38, participation=0.89
2026-02-28 14:47:37.860 | INFO     | __main__:step7_real_datasets:815 -   california_housing: edges=1, triangles=0, participation=0.25
2026-02-28 14:47:37.860 | INFO     | __main__:step7_real_datasets:815 -   wine_quality: edges=2, triangles=0, participation=0.36
2026-02-28 14:47:37.864 | INFO     | __main__:step7_real_datasets:815 -   adult: edges=1, triangles=0, participation=0.02
2026-02-28 14:47:37.868 | INFO     | __main__:step7_real_datasets:815 -   spambase: edges=1, triangles=0, participation=0.04
2026-02-28 14:47:37.868 | INFO     | __main__:baseline_pearson_pipeline:831 - ============================================================
2026-02-28 14:47:37.869 | INFO     | __main__:baseline_pearson_pipeline:832 - BASELINE: Pearson Correlation Rips Pipeline
2026-02-28 14:47:37.869 | INFO     | __main__:baseline_pearson_pipeline:833 - ============================================================
2026-02-28 14:47:37.869 | INFO     | __main__:baseline_pearson_pipeline:845 - Building Pearson-based Rips for friedman1
2026-02-28 14:47:37.873 | INFO     | __main__:baseline_pearson_pipeline:872 -   friedman1: Pearson F1@optimal=0.013, F1@gap=0.000
2026-02-28 14:47:37.873 | INFO     | __main__:baseline_pearson_pipeline:845 - Building Pearson-based Rips for friedman3
2026-02-28 14:47:37.874 | INFO     | __main__:baseline_pearson_pipeline:872 -   friedman3: Pearson F1@optimal=1.000, F1@gap=0.308
2026-02-28 14:47:37.875 | INFO     | __main__:baseline_pearson_pipeline:845 - Building Pearson-based Rips for synth_3way
2026-02-28 14:47:37.900 | INFO     | __main__:baseline_pearson_pipeline:872 -   synth_3way: Pearson F1@optimal=0.111, F1@gap=0.000
2026-02-28 14:47:37.900 | INFO     | __main__:baseline_pearson_pipeline:845 - Building Pearson-based Rips for synth_4way
2026-02-28 14:47:38.013 | INFO     | __main__:baseline_pearson_pipeline:872 -   synth_4way: Pearson F1@optimal=0.143, F1@gap=0.143
2026-02-28 14:47:38.021 | INFO     | __main__:main:1375 - ============================================================
2026-02-28 14:47:38.021 | INFO     | __main__:main:1376 - STEP 8: Generating Figures
2026-02-28 14:47:38.021 | INFO     | __main__:main:1377 - ============================================================
2026-02-28 14:47:38.952 | INFO     | __main__:main:1382 -   Figure 1 (F1 vs Threshold): OK
2026-02-28 14:47:39.914 | INFO     | __main__:main:1389 -   Figure 2 (Persistence Diagrams): OK
2026-02-28 14:47:40.195 | INFO     | __main__:main:1396 -   Figure 3 (Triangle Violations): OK
2026-02-28 14:47:40.507 | INFO     | __main__:main:1403 -   Figure 4 (Clique Inflation): OK
2026-02-28 14:47:40.718 | INFO     | __main__:main:1410 -   Figure 5 (dCor vs HSIC): OK
2026-02-28 14:47:41.349 | INFO     | __main__:main:1417 -   Figure 6 (Interaction Graphs): OK
2026-02-28 14:47:41.350 | INFO     | __main__:main:1423 - ============================================================
2026-02-28 14:47:41.350 | INFO     | __main__:main:1424 - Assembling method_out.json
2026-02-28 14:47:41.351 | INFO     | __main__:main:1425 - ============================================================
2026-02-28 14:47:45.573 | INFO     | __main__:main:1443 - Written: /home/adrian/projects/temp/ai-inventor-old3/aii_pipeline/runs/run__20260228_133939/3_invention_loop/iter_2/gen_art/exp_id3_it2__opus/method_out.json (36.6 MB)
2026-02-28 14:47:45.574 | INFO     | __main__:main:1446 - Total runtime: 131.3s (2.2min)
2026-02-28 14:47:45.574 | INFO     | __main__:main:1447 - DONE
2026-02-28 14:51:27.823 | INFO     | __main__:main:1511 - SC-OTS Simplicial Complex Construction Pipeline Validation
2026-02-28 14:51:27.823 | INFO     | __main__:main:1512 - ============================================================
2026-02-28 14:51:27.823 | INFO     | __main__:load_all_datasets:125 - Loading data from /home/adrian/projects/temp/ai-inventor-old3/aii_pipeline/runs/run__20260228_133939/3_invention_loop/iter_1/gen_art/data_id3_it1__opus/full_data_out.json
2026-02-28 14:51:28.610 | INFO     | __main__:load_all_datasets:127 - Loaded 10 datasets, 63205 total examples
2026-02-28 14:51:28.635 | INFO     | __main__:load_all_datasets:160 -   friedman1: X=(5000, 10), task=regression, features=10
2026-02-28 14:51:28.647 | INFO     | __main__:load_all_datasets:160 -   friedman3: X=(5000, 4), task=regression, features=4
2026-02-28 14:51:28.670 | INFO     | __main__:load_all_datasets:160 -   synth_3way: X=(5000, 15), task=regression, features=15
2026-02-28 14:51:28.695 | INFO     | __main__:load_all_datasets:160 -   synth_4way: X=(5000, 20), task=regression, features=20
2026-02-28 14:51:28.698 | INFO     | __main__:load_all_datasets:160 -   diabetes: X=(768, 8), task=classification, features=8
2026-02-28 14:51:28.700 | INFO     | __main__:load_all_datasets:160 -   breast_w: X=(699, 9), task=classification, features=9
2026-02-28 14:51:28.887 | INFO     | __main__:load_all_datasets:160 -   adult: X=(10000, 96), task=classification, features=96
2026-02-28 14:51:28.912 | INFO     | __main__:load_all_datasets:160 -   wine_quality: X=(6497, 11), task=regression, features=11
2026-02-28 14:51:28.989 | INFO     | __main__:load_all_datasets:160 -   california_housing: X=(20640, 8), task=regression, features=8
2026-02-28 14:51:29.043 | INFO     | __main__:load_all_datasets:160 -   spambase: X=(4601, 57), task=classification, features=57
2026-02-28 14:51:29.091 | INFO     | __main__:step1_dcor_matrices:211 - ============================================================
2026-02-28 14:51:29.091 | INFO     | __main__:step1_dcor_matrices:212 - STEP 1: Pairwise Distance Correlation Matrices
2026-02-28 14:51:29.091 | INFO     | __main__:step1_dcor_matrices:213 - ============================================================
2026-02-28 14:51:29.091 | INFO     | __main__:step1_dcor_matrices:220 - Computing dCor matrix for friedman1 (n=5000, p=10)
2026-02-28 14:51:29.197 | INFO     | __main__:step1_dcor_matrices:224 -   dCor matrix computed in 0.1s
2026-02-28 14:51:29.198 | INFO     | __main__:step1_dcor_matrices:220 - Computing dCor matrix for friedman3 (n=5000, p=4)
2026-02-28 14:51:29.210 | INFO     | __main__:step1_dcor_matrices:224 -   dCor matrix computed in 0.0s
2026-02-28 14:51:29.211 | INFO     | __main__:step1_dcor_matrices:220 - Computing dCor matrix for synth_3way (n=5000, p=15)
2026-02-28 14:51:29.440 | INFO     | __main__:step1_dcor_matrices:224 -   dCor matrix computed in 0.2s
2026-02-28 14:51:29.441 | INFO     | __main__:step1_dcor_matrices:220 - Computing dCor matrix for synth_4way (n=5000, p=20)
2026-02-28 14:51:29.880 | INFO     | __main__:step1_dcor_matrices:224 -   dCor matrix computed in 0.4s
2026-02-28 14:51:29.881 | INFO     | __main__:step1_dcor_matrices:220 - Computing dCor matrix for diabetes (n=768, p=8)
2026-02-28 14:51:29.900 | INFO     | __main__:step1_dcor_matrices:224 -   dCor matrix computed in 0.0s
2026-02-28 14:51:29.901 | INFO     | __main__:step1_dcor_matrices:220 - Computing dCor matrix for breast_w (n=699, p=9)
2026-02-28 14:51:29.921 | INFO     | __main__:step1_dcor_matrices:224 -   dCor matrix computed in 0.0s
2026-02-28 14:51:29.922 | INFO     | __main__:step1_dcor_matrices:220 - Computing dCor matrix for adult (n=10000, p=96)
2026-02-28 14:51:39.754 | INFO     | __main__:step1_dcor_matrices:224 -   dCor matrix computed in 9.8s
2026-02-28 14:51:40.104 | INFO     | __main__:step1_dcor_matrices:220 - Computing dCor matrix for wine_quality (n=6497, p=11)
2026-02-28 14:51:40.294 | INFO     | __main__:step1_dcor_matrices:224 -   dCor matrix computed in 0.2s
2026-02-28 14:51:40.295 | INFO     | __main__:step1_dcor_matrices:220 - Computing dCor matrix for california_housing (n=20640, p=8)
2026-02-28 14:51:40.369 | INFO     | __main__:step1_dcor_matrices:224 -   dCor matrix computed in 0.1s
2026-02-28 14:51:40.371 | INFO     | __main__:step1_dcor_matrices:220 - Computing dCor matrix for spambase (n=4601, p=57)
2026-02-28 14:51:44.479 | INFO     | __main__:step1_dcor_matrices:224 -   dCor matrix computed in 4.1s
2026-02-28 14:51:44.804 | INFO     | __main__:step1b_interaction_dcor:295 - ============================================================
2026-02-28 14:51:44.804 | INFO     | __main__:step1b_interaction_dcor:296 - STEP 1b: Feature-Target Interaction dCor (Enhanced)
2026-02-28 14:51:44.804 | INFO     | __main__:step1b_interaction_dcor:297 - ============================================================
2026-02-28 14:51:44.804 | INFO     | __main__:step1b_interaction_dcor:308 - Computing interaction dCor for friedman1 (n=5000, p=10)
2026-02-28 14:51:54.679 | INFO     | __main__:step1b_interaction_dcor:312 -   Interaction dCor matrix computed in 9.9s
2026-02-28 14:51:54.679 | INFO     | __main__:step1b_interaction_dcor:319 -   Top 5 interactions:
2026-02-28 14:51:54.679 | INFO     | __main__:step1b_interaction_dcor:321 -     (0,1): 0.0827
2026-02-28 14:51:54.679 | INFO     | __main__:step1b_interaction_dcor:321 -     (1,3): 0.0356
2026-02-28 14:51:54.679 | INFO     | __main__:step1b_interaction_dcor:321 -     (0,3): 0.0266
2026-02-28 14:51:54.679 | INFO     | __main__:step1b_interaction_dcor:321 -     (6,8): 0.0075
2026-02-28 14:51:54.679 | INFO     | __main__:step1b_interaction_dcor:321 -     (6,9): 0.0070
2026-02-28 14:51:54.679 | INFO     | __main__:step1b_interaction_dcor:324 -   Individual dCor(feature, y):
2026-02-28 14:51:54.679 | INFO     | __main__:step1b_interaction_dcor:326 -     feature 0: 0.3833
2026-02-28 14:51:54.679 | INFO     | __main__:step1b_interaction_dcor:326 -     feature 1: 0.4018
2026-02-28 14:51:54.679 | INFO     | __main__:step1b_interaction_dcor:326 -     feature 2: 0.1369
2026-02-28 14:51:54.679 | INFO     | __main__:step1b_interaction_dcor:326 -     feature 3: 0.5360
2026-02-28 14:51:54.680 | INFO     | __main__:step1b_interaction_dcor:326 -     feature 4: 0.2439
2026-02-28 14:51:54.680 | INFO     | __main__:step1b_interaction_dcor:326 -     feature 5: 0.0278
2026-02-28 14:51:54.680 | INFO     | __main__:step1b_interaction_dcor:326 -     feature 6: 0.0292
2026-02-28 14:51:54.680 | INFO     | __main__:step1b_interaction_dcor:326 -     feature 7: 0.0392
2026-02-28 14:51:54.680 | INFO     | __main__:step1b_interaction_dcor:326 -     feature 8: 0.0343
2026-02-28 14:51:54.680 | INFO     | __main__:step1b_interaction_dcor:326 -     feature 9: 0.0313
2026-02-28 14:51:54.680 | INFO     | __main__:step1b_interaction_dcor:308 - Computing interaction dCor for friedman3 (n=5000, p=4)
2026-02-28 14:51:56.047 | INFO     | __main__:step1b_interaction_dcor:312 -   Interaction dCor matrix computed in 1.4s
2026-02-28 14:51:56.047 | INFO     | __main__:step1b_interaction_dcor:319 -   Top 5 interactions:
2026-02-28 14:51:56.047 | INFO     | __main__:step1b_interaction_dcor:321 -     (0,1): 0.0021
2026-02-28 14:51:56.048 | INFO     | __main__:step1b_interaction_dcor:321 -     (0,3): 0.0008
2026-02-28 14:51:56.048 | INFO     | __main__:step1b_interaction_dcor:321 -     (1,3): 0.0000
2026-02-28 14:51:56.048 | INFO     | __main__:step1b_interaction_dcor:321 -     (0,2): 0.0000
2026-02-28 14:51:56.048 | INFO     | __main__:step1b_interaction_dcor:321 -     (1,2): 0.0000
2026-02-28 14:51:56.048 | INFO     | __main__:step1b_interaction_dcor:324 -   Individual dCor(feature, y):
2026-02-28 14:51:56.048 | INFO     | __main__:step1b_interaction_dcor:326 -     feature 0: 0.3218
2026-02-28 14:51:56.048 | INFO     | __main__:step1b_interaction_dcor:326 -     feature 1: 0.3568
2026-02-28 14:51:56.048 | INFO     | __main__:step1b_interaction_dcor:326 -     feature 2: 0.5589
2026-02-28 14:51:56.048 | INFO     | __main__:step1b_interaction_dcor:326 -     feature 3: 0.0336
2026-02-28 14:51:56.048 | INFO     | __main__:step1b_interaction_dcor:308 - Computing interaction dCor for synth_3way (n=5000, p=15)
2026-02-28 14:52:27.868 | INFO     | __main__:step1b_interaction_dcor:312 -   Interaction dCor matrix computed in 31.8s
2026-02-28 14:52:27.881 | INFO     | __main__:step1b_interaction_dcor:319 -   Top 5 interactions:
2026-02-28 14:52:27.881 | INFO     | __main__:step1b_interaction_dcor:321 -     (3,4): 0.0788
2026-02-28 14:52:27.881 | INFO     | __main__:step1b_interaction_dcor:321 -     (1,2): 0.0347
2026-02-28 14:52:27.881 | INFO     | __main__:step1b_interaction_dcor:321 -     (0,4): 0.0154
2026-02-28 14:52:27.881 | INFO     | __main__:step1b_interaction_dcor:321 -     (6,7): 0.0145
2026-02-28 14:52:27.881 | INFO     | __main__:step1b_interaction_dcor:321 -     (9,13): 0.0096
2026-02-28 14:52:27.881 | INFO     | __main__:step1b_interaction_dcor:324 -   Individual dCor(feature, y):
2026-02-28 14:52:27.881 | INFO     | __main__:step1b_interaction_dcor:326 -     feature 0: 0.5837
2026-02-28 14:52:27.882 | INFO     | __main__:step1b_interaction_dcor:326 -     feature 1: 0.2018
2026-02-28 14:52:27.882 | INFO     | __main__:step1b_interaction_dcor:326 -     feature 2: 0.2255
2026-02-28 14:52:27.882 | INFO     | __main__:step1b_interaction_dcor:326 -     feature 3: 0.3656
2026-02-28 14:52:27.882 | INFO     | __main__:step1b_interaction_dcor:326 -     feature 4: 0.3853
2026-02-28 14:52:27.882 | INFO     | __main__:step1b_interaction_dcor:326 -     feature 5: 0.0354
2026-02-28 14:52:27.882 | INFO     | __main__:step1b_interaction_dcor:326 -     feature 6: 0.0332
2026-02-28 14:52:27.882 | INFO     | __main__:step1b_interaction_dcor:326 -     feature 7: 0.0330
2026-02-28 14:52:27.882 | INFO     | __main__:step1b_interaction_dcor:326 -     feature 8: 0.0467
2026-02-28 14:52:27.882 | INFO     | __main__:step1b_interaction_dcor:326 -     feature 9: 0.0332
2026-02-28 14:52:27.882 | INFO     | __main__:step1b_interaction_dcor:326 -     feature 10: 0.0348
2026-02-28 14:52:27.896 | INFO     | __main__:step1b_interaction_dcor:326 -     feature 11: 0.0691
2026-02-28 14:52:27.896 | INFO     | __main__:step1b_interaction_dcor:326 -     feature 12: 0.0421
2026-02-28 14:52:27.896 | INFO     | __main__:step1b_interaction_dcor:326 -     feature 13: 0.0315
2026-02-28 14:52:27.896 | INFO     | __main__:step1b_interaction_dcor:326 -     feature 14: 0.0361
2026-02-28 14:52:27.896 | INFO     | __main__:step1b_interaction_dcor:308 - Computing interaction dCor for synth_4way (n=5000, p=20)
2026-02-28 14:53:33.161 | INFO     | __main__:step1b_interaction_dcor:312 -   Interaction dCor matrix computed in 65.3s
2026-02-28 14:53:33.161 | INFO     | __main__:step1b_interaction_dcor:319 -   Top 5 interactions:
2026-02-28 14:53:33.161 | INFO     | __main__:step1b_interaction_dcor:321 -     (0,4): 0.0922
2026-02-28 14:53:33.161 | INFO     | __main__:step1b_interaction_dcor:321 -     (1,2): 0.0187
2026-02-28 14:53:33.162 | INFO     | __main__:step1b_interaction_dcor:321 -     (11,18): 0.0127
2026-02-28 14:53:33.162 | INFO     | __main__:step1b_interaction_dcor:321 -     (1,3): 0.0123
2026-02-28 14:53:33.162 | INFO     | __main__:step1b_interaction_dcor:321 -     (2,3): 0.0113
2026-02-28 14:53:33.162 | INFO     | __main__:step1b_interaction_dcor:324 -   Individual dCor(feature, y):
2026-02-28 14:53:33.162 | INFO     | __main__:step1b_interaction_dcor:326 -     feature 0: 0.5528
2026-02-28 14:53:33.162 | INFO     | __main__:step1b_interaction_dcor:326 -     feature 1: 0.0932
2026-02-28 14:53:33.162 | INFO     | __main__:step1b_interaction_dcor:326 -     feature 2: 0.0890
2026-02-28 14:53:33.162 | INFO     | __main__:step1b_interaction_dcor:326 -     feature 3: 0.1121
2026-02-28 14:53:33.162 | INFO     | __main__:step1b_interaction_dcor:326 -     feature 4: 0.6353
2026-02-28 14:53:33.165 | INFO     | __main__:step1b_interaction_dcor:326 -     feature 5: 0.3068
2026-02-28 14:53:33.165 | INFO     | __main__:step1b_interaction_dcor:326 -     feature 6: 0.0362
2026-02-28 14:53:33.165 | INFO     | __main__:step1b_interaction_dcor:326 -     feature 7: 0.0401
2026-02-28 14:53:33.165 | INFO     | __main__:step1b_interaction_dcor:326 -     feature 8: 0.0435
2026-02-28 14:53:33.165 | INFO     | __main__:step1b_interaction_dcor:326 -     feature 9: 0.0424
2026-02-28 14:53:33.165 | INFO     | __main__:step1b_interaction_dcor:326 -     feature 10: 0.0452
2026-02-28 14:53:33.166 | INFO     | __main__:step1b_interaction_dcor:326 -     feature 11: 0.0352
2026-02-28 14:53:33.166 | INFO     | __main__:step1b_interaction_dcor:326 -     feature 12: 0.0494
2026-02-28 14:53:33.166 | INFO     | __main__:step1b_interaction_dcor:326 -     feature 13: 0.0436
2026-02-28 14:53:33.166 | INFO     | __main__:step1b_interaction_dcor:326 -     feature 14: 0.0315
2026-02-28 14:53:33.166 | INFO     | __main__:step1b_interaction_dcor:326 -     feature 15: 0.0509
2026-02-28 14:53:33.166 | INFO     | __main__:step1b_interaction_dcor:326 -     feature 16: 0.0384
2026-02-28 14:53:33.166 | INFO     | __main__:step1b_interaction_dcor:326 -     feature 17: 0.0321
2026-02-28 14:53:33.166 | INFO     | __main__:step1b_interaction_dcor:326 -     feature 18: 0.0350
2026-02-28 14:53:33.166 | INFO     | __main__:step1b_interaction_dcor:326 -     feature 19: 0.0346
2026-02-28 14:53:33.166 | INFO     | __main__:step1b_enhanced_rips:339 - ============================================================
2026-02-28 14:53:33.166 | INFO     | __main__:step1b_enhanced_rips:340 - STEP 1b RIPS: Enhanced Interaction-Based Rips
2026-02-28 14:53:33.166 | INFO     | __main__:step1b_enhanced_rips:341 - ============================================================
2026-02-28 14:53:33.166 | INFO     | __main__:step1b_enhanced_rips:365 - Building enhanced Rips for friedman1
2026-02-28 14:53:33.176 | INFO     | __main__:step1b_enhanced_rips:394 -   friedman1: Enhanced F1@optimal=1.000, F1@gap=0.400
2026-02-28 14:53:33.177 | INFO     | __main__:step1b_enhanced_rips:365 - Building enhanced Rips for friedman3
2026-02-28 14:53:33.177 | INFO     | __main__:step1b_enhanced_rips:394 -   friedman3: Enhanced F1@optimal=1.000, F1@gap=0.308
2026-02-28 14:53:33.177 | INFO     | __main__:step1b_enhanced_rips:365 - Building enhanced Rips for synth_3way
2026-02-28 14:53:33.225 | INFO     | __main__:step1b_enhanced_rips:394 -   synth_3way: Enhanced F1@optimal=0.571, F1@gap=0.571
2026-02-28 14:53:33.226 | INFO     | __main__:step1b_enhanced_rips:365 - Building enhanced Rips for synth_4way
2026-02-28 14:53:33.390 | INFO     | __main__:step1b_enhanced_rips:394 -   synth_4way: Enhanced F1@optimal=0.421, F1@gap=0.143
2026-02-28 14:53:33.397 | INFO     | __main__:step2_triangle_inequality:442 - ============================================================
2026-02-28 14:53:33.398 | INFO     | __main__:step2_triangle_inequality:443 - STEP 2: Triangle Inequality Verification
2026-02-28 14:53:33.398 | INFO     | __main__:step2_triangle_inequality:444 - ============================================================
2026-02-28 14:53:33.398 | INFO     | __main__:step2_triangle_inequality:448 - Checking triangle inequality for friedman1 (p=10)
2026-02-28 14:53:33.399 | INFO     | __main__:step2_triangle_inequality:460 -   1-dCor: 0/360 violations (rate=0.000000)
2026-02-28 14:53:33.399 | INFO     | __main__:step2_triangle_inequality:465 -   sqrt(1-dCor): 0/360 violations (rate=0.000000)
2026-02-28 14:53:33.399 | INFO     | __main__:step2_triangle_inequality:448 - Checking triangle inequality for friedman3 (p=4)
2026-02-28 14:53:33.400 | INFO     | __main__:step2_triangle_inequality:460 -   1-dCor: 0/12 violations (rate=0.000000)
2026-02-28 14:53:33.400 | INFO     | __main__:step2_triangle_inequality:465 -   sqrt(1-dCor): 0/12 violations (rate=0.000000)
2026-02-28 14:53:33.400 | INFO     | __main__:step2_triangle_inequality:448 - Checking triangle inequality for synth_3way (p=15)
2026-02-28 14:53:33.401 | INFO     | __main__:step2_triangle_inequality:460 -   1-dCor: 0/1365 violations (rate=0.000000)
2026-02-28 14:53:33.401 | INFO     | __main__:step2_triangle_inequality:465 -   sqrt(1-dCor): 0/1365 violations (rate=0.000000)
2026-02-28 14:53:33.401 | INFO     | __main__:step2_triangle_inequality:448 - Checking triangle inequality for synth_4way (p=20)
2026-02-28 14:53:33.403 | INFO     | __main__:step2_triangle_inequality:460 -   1-dCor: 0/3420 violations (rate=0.000000)
2026-02-28 14:53:33.405 | INFO     | __main__:step2_triangle_inequality:465 -   sqrt(1-dCor): 0/3420 violations (rate=0.000000)
2026-02-28 14:53:33.406 | INFO     | __main__:step2_triangle_inequality:448 - Checking triangle inequality for diabetes (p=8)
2026-02-28 14:53:33.406 | INFO     | __main__:step2_triangle_inequality:460 -   1-dCor: 0/168 violations (rate=0.000000)
2026-02-28 14:53:33.406 | INFO     | __main__:step2_triangle_inequality:465 -   sqrt(1-dCor): 0/168 violations (rate=0.000000)
2026-02-28 14:53:33.406 | INFO     | __main__:step2_triangle_inequality:448 - Checking triangle inequality for breast_w (p=9)
2026-02-28 14:53:33.406 | INFO     | __main__:step2_triangle_inequality:460 -   1-dCor: 0/252 violations (rate=0.000000)
2026-02-28 14:53:33.406 | INFO     | __main__:step2_triangle_inequality:465 -   sqrt(1-dCor): 0/252 violations (rate=0.000000)
2026-02-28 14:53:33.407 | INFO     | __main__:step2_triangle_inequality:448 - Checking triangle inequality for adult (p=96)
2026-02-28 14:53:33.884 | INFO     | __main__:step2_triangle_inequality:460 -   1-dCor: 4/428640 violations (rate=0.000009)
2026-02-28 14:53:34.548 | INFO     | __main__:step2_triangle_inequality:465 -   sqrt(1-dCor): 0/428640 violations (rate=0.000000)
2026-02-28 14:53:34.549 | INFO     | __main__:step2_triangle_inequality:448 - Checking triangle inequality for wine_quality (p=11)
2026-02-28 14:53:34.550 | INFO     | __main__:step2_triangle_inequality:460 -   1-dCor: 0/495 violations (rate=0.000000)
2026-02-28 14:53:34.550 | INFO     | __main__:step2_triangle_inequality:465 -   sqrt(1-dCor): 0/495 violations (rate=0.000000)
2026-02-28 14:53:34.554 | INFO     | __main__:step2_triangle_inequality:448 - Checking triangle inequality for california_housing (p=8)
2026-02-28 14:53:34.554 | INFO     | __main__:step2_triangle_inequality:460 -   1-dCor: 0/168 violations (rate=0.000000)
2026-02-28 14:53:34.555 | INFO     | __main__:step2_triangle_inequality:465 -   sqrt(1-dCor): 0/168 violations (rate=0.000000)
2026-02-28 14:53:34.555 | INFO     | __main__:step2_triangle_inequality:448 - Checking triangle inequality for spambase (p=57)
2026-02-28 14:53:34.710 | INFO     | __main__:step2_triangle_inequality:460 -   1-dCor: 0/87780 violations (rate=0.000000)
2026-02-28 14:53:34.852 | INFO     | __main__:step2_triangle_inequality:465 -   sqrt(1-dCor): 0/87780 violations (rate=0.000000)
2026-02-28 14:53:34.853 | INFO     | __main__:step3_rips_filtrations:574 - ============================================================
2026-02-28 14:53:34.853 | INFO     | __main__:step3_rips_filtrations:575 - STEP 3: Rips Filtration Construction
2026-02-28 14:53:34.853 | INFO     | __main__:step3_rips_filtrations:576 - ============================================================
2026-02-28 14:53:34.853 | INFO     | __main__:step3_rips_filtrations:583 - Building Rips filtration for friedman1
2026-02-28 14:53:34.853 | INFO     | __main__:step3_rips_filtrations:599 -   Using 1-dCor (raw violations=0, sqrt violations=0)
2026-02-28 14:53:34.859 | INFO     | __main__:step3_rips_filtrations:606 -   Built in 0.0s, Betti=[1, 0, 0, 0], gap_threshold=0.9621
2026-02-28 14:53:34.867 | INFO     | __main__:step3_rips_filtrations:583 - Building Rips filtration for friedman3
2026-02-28 14:53:34.867 | INFO     | __main__:step3_rips_filtrations:599 -   Using 1-dCor (raw violations=0, sqrt violations=0)
2026-02-28 14:53:34.868 | INFO     | __main__:step3_rips_filtrations:606 -   Built in 0.0s, Betti=[1, 0, 0], gap_threshold=0.9654
2026-02-28 14:53:34.868 | INFO     | __main__:step3_rips_filtrations:583 - Building Rips filtration for synth_3way
2026-02-28 14:53:34.868 | INFO     | __main__:step3_rips_filtrations:599 -   Using 1-dCor (raw violations=0, sqrt violations=0)
2026-02-28 14:53:34.906 | INFO     | __main__:step3_rips_filtrations:606 -   Built in 0.0s, Betti=[1, 0, 0, 0], gap_threshold=0.9347
2026-02-28 14:53:34.912 | INFO     | __main__:step3_rips_filtrations:583 - Building Rips filtration for synth_4way
2026-02-28 14:53:34.912 | INFO     | __main__:step3_rips_filtrations:599 -   Using 1-dCor (raw violations=0, sqrt violations=0)
2026-02-28 14:53:35.228 | INFO     | __main__:step3_rips_filtrations:606 -   Built in 0.3s, Betti=[1, 0, 0, 0], gap_threshold=0.9572
2026-02-28 14:53:35.228 | INFO     | __main__:step3_rips_filtrations:583 - Building Rips filtration for diabetes
2026-02-28 14:53:35.229 | INFO     | __main__:step3_rips_filtrations:599 -   Using 1-dCor (raw violations=0, sqrt violations=0)
2026-02-28 14:53:35.233 | INFO     | __main__:step3_rips_filtrations:606 -   Built in 0.0s, Betti=[1, 0, 0, 0], gap_threshold=0.5279
2026-02-28 14:53:35.233 | INFO     | __main__:step3_rips_filtrations:583 - Building Rips filtration for breast_w
2026-02-28 14:53:35.234 | INFO     | __main__:step3_rips_filtrations:599 -   Using 1-dCor (raw violations=0, sqrt violations=0)
2026-02-28 14:53:35.236 | INFO     | __main__:step3_rips_filtrations:606 -   Built in 0.0s, Betti=[1, 0, 0, 0], gap_threshold=0.4302
2026-02-28 14:53:35.237 | INFO     | __main__:step3_rips_filtrations:583 - Building Rips filtration for adult
2026-02-28 14:53:35.237 | INFO     | __main__:step3_rips_filtrations:599 -   Using sqrt(1-dCor) (raw violations=4, sqrt violations=0)
2026-02-28 14:54:02.749 | INFO     | __main__:step3_rips_filtrations:606 -   Built in 27.5s, Betti=[1, 0, 0], gap_threshold=0.5107
2026-02-28 14:54:02.750 | INFO     | __main__:step3_rips_filtrations:583 - Building Rips filtration for wine_quality
2026-02-28 14:54:02.750 | INFO     | __main__:step3_rips_filtrations:599 -   Using 1-dCor (raw violations=0, sqrt violations=0)
2026-02-28 14:54:02.754 | INFO     | __main__:step3_rips_filtrations:606 -   Built in 0.0s, Betti=[1, 0, 0, 0], gap_threshold=0.3953
2026-02-28 14:54:02.754 | INFO     | __main__:step3_rips_filtrations:583 - Building Rips filtration for california_housing
2026-02-28 14:54:02.754 | INFO     | __main__:step3_rips_filtrations:599 -   Using 1-dCor (raw violations=0, sqrt violations=0)
2026-02-28 14:54:02.755 | INFO     | __main__:step3_rips_filtrations:606 -   Built in 0.0s, Betti=[1, 0, 0, 0], gap_threshold=0.2100
2026-02-28 14:54:02.756 | INFO     | __main__:step3_rips_filtrations:583 - Building Rips filtration for spambase
2026-02-28 14:54:02.756 | INFO     | __main__:step3_rips_filtrations:599 -   Using 1-dCor (raw violations=0, sqrt violations=0)
2026-02-28 14:54:05.219 | INFO     | __main__:step3_rips_filtrations:606 -   Built in 2.5s, Betti=[1, 0, 0], gap_threshold=0.1150
2026-02-28 14:54:05.219 | INFO     | __main__:step4_interaction_recovery:654 - ============================================================
2026-02-28 14:54:05.219 | INFO     | __main__:step4_interaction_recovery:655 - STEP 4: Interaction Recovery (Precision/Recall)
2026-02-28 14:54:05.220 | INFO     | __main__:step4_interaction_recovery:656 - ============================================================
2026-02-28 14:54:05.220 | INFO     | __main__:step4_interaction_recovery:668 - friedman1: 1 ground-truth simplices, 1 after closure expansion
2026-02-28 14:54:05.220 | INFO     | __main__:step4_interaction_recovery:704 -   friedman1: F1@optimal=0.016 (t=0.9701), F1@gap=0.000 (t=0.9621)
2026-02-28 14:54:05.220 | INFO     | __main__:step4_interaction_recovery:668 - friedman3: 3 ground-truth simplices, 11 after closure expansion
2026-02-28 14:54:05.221 | INFO     | __main__:step4_interaction_recovery:704 -   friedman3: F1@optimal=1.000 (t=0.9779), F1@gap=0.308 (t=0.9654)
2026-02-28 14:54:05.221 | INFO     | __main__:step4_interaction_recovery:668 - synth_3way: 2 ground-truth simplices, 5 after closure expansion
2026-02-28 14:54:05.223 | INFO     | __main__:step4_interaction_recovery:704 -   synth_3way: F1@optimal=0.078 (t=0.9628), F1@gap=0.000 (t=0.9347)
2026-02-28 14:54:05.223 | INFO     | __main__:step4_interaction_recovery:668 - synth_4way: 2 ground-truth simplices, 12 after closure expansion
2026-02-28 14:54:05.232 | INFO     | __main__:step4_interaction_recovery:704 -   synth_4way: F1@optimal=0.129 (t=0.9528), F1@gap=0.098 (t=0.9572)
2026-02-28 14:54:05.233 | INFO     | __main__:step5_clique_inflation:717 - ============================================================
2026-02-28 14:54:05.234 | INFO     | __main__:step5_clique_inflation:718 - STEP 5: Clique Inflation Analysis
2026-02-28 14:54:05.234 | INFO     | __main__:step5_clique_inflation:719 - ============================================================
2026-02-28 14:54:05.234 | INFO     | __main__:step5_clique_inflation:735 - Analyzing clique inflation for friedman1 at gap_threshold=0.9621
2026-02-28 14:54:05.235 | INFO     | __main__:step5_clique_inflation:761 -   dim=1: 13 total, 0 genuine, 0 inflation (rate=0.000)
2026-02-28 14:54:05.235 | INFO     | __main__:step5_clique_inflation:761 -   dim=2: 1 total, 0 genuine, 1 inflation (rate=1.000)
2026-02-28 14:54:05.235 | INFO     | __main__:step5_clique_inflation:735 - Analyzing clique inflation for friedman3 at gap_threshold=0.9654
2026-02-28 14:54:05.236 | INFO     | __main__:step5_clique_inflation:761 -   dim=1: 2 total, 2 genuine, 0 inflation (rate=0.000)
2026-02-28 14:54:05.236 | INFO     | __main__:step5_clique_inflation:735 - Analyzing clique inflation for synth_3way at gap_threshold=0.9347
2026-02-28 14:54:05.236 | INFO     | __main__:step5_clique_inflation:761 -   dim=1: 1 total, 0 genuine, 0 inflation (rate=0.000)
2026-02-28 14:54:05.237 | INFO     | __main__:step5_clique_inflation:735 - Analyzing clique inflation for synth_4way at gap_threshold=0.9572
2026-02-28 14:54:05.237 | INFO     | __main__:step5_clique_inflation:761 -   dim=1: 28 total, 2 genuine, 0 inflation (rate=0.000)
2026-02-28 14:54:05.237 | INFO     | __main__:step5_clique_inflation:761 -   dim=2: 1 total, 0 genuine, 1 inflation (rate=1.000)
2026-02-28 14:54:05.237 | INFO     | __main__:step6_hsic_comparison:815 - ============================================================
2026-02-28 14:54:05.237 | INFO     | __main__:step6_hsic_comparison:816 - STEP 6: HSIC Comparison (friedman1)
2026-02-28 14:54:05.237 | INFO     | __main__:step6_hsic_comparison:817 - ============================================================
2026-02-28 14:54:05.237 | INFO     | __main__:step6_hsic_comparison:826 - Computing HSIC matrix for friedman1 (n=5000, p=10)
2026-02-28 14:54:51.812 | INFO     | __main__:step6_hsic_comparison:831 - HSIC matrix computed in 46.6s
2026-02-28 14:54:51.818 | INFO     | __main__:step6_hsic_comparison:895 -   dCor optimal F1=0.016, HSIC optimal F1=0.045 -> comparable
2026-02-28 14:54:51.819 | INFO     | __main__:step7_real_datasets:910 - ============================================================
2026-02-28 14:54:51.819 | INFO     | __main__:step7_real_datasets:911 - STEP 7: Real Dataset Characterization
2026-02-28 14:54:51.820 | INFO     | __main__:step7_real_datasets:912 - ============================================================
2026-02-28 14:54:51.820 | INFO     | __main__:step7_real_datasets:980 -   diabetes: edges=2, triangles=0, participation=0.50
2026-02-28 14:54:51.821 | INFO     | __main__:step7_real_datasets:980 -   breast_w: edges=24, triangles=38, participation=0.89
2026-02-28 14:54:51.822 | INFO     | __main__:step7_real_datasets:980 -   california_housing: edges=1, triangles=0, participation=0.25
2026-02-28 14:54:51.822 | INFO     | __main__:step7_real_datasets:980 -   wine_quality: edges=2, triangles=0, participation=0.36
2026-02-28 14:54:51.826 | INFO     | __main__:step7_real_datasets:980 -   adult: edges=1, triangles=0, participation=0.02
2026-02-28 14:54:51.829 | INFO     | __main__:step7_real_datasets:980 -   spambase: edges=1, triangles=0, participation=0.04
2026-02-28 14:54:51.829 | INFO     | __main__:baseline_pearson_pipeline:996 - ============================================================
2026-02-28 14:54:51.830 | INFO     | __main__:baseline_pearson_pipeline:997 - BASELINE: Pearson Correlation Rips Pipeline
2026-02-28 14:54:51.830 | INFO     | __main__:baseline_pearson_pipeline:998 - ============================================================
2026-02-28 14:54:51.830 | INFO     | __main__:baseline_pearson_pipeline:1010 - Building Pearson-based Rips for friedman1
2026-02-28 14:54:51.833 | INFO     | __main__:baseline_pearson_pipeline:1037 -   friedman1: Pearson F1@optimal=0.013, F1@gap=0.000
2026-02-28 14:54:51.833 | INFO     | __main__:baseline_pearson_pipeline:1010 - Building Pearson-based Rips for friedman3
2026-02-28 14:54:51.834 | INFO     | __main__:baseline_pearson_pipeline:1037 -   friedman3: Pearson F1@optimal=1.000, F1@gap=0.308
2026-02-28 14:54:51.835 | INFO     | __main__:baseline_pearson_pipeline:1010 - Building Pearson-based Rips for synth_3way
2026-02-28 14:54:51.861 | INFO     | __main__:baseline_pearson_pipeline:1037 -   synth_3way: Pearson F1@optimal=0.111, F1@gap=0.000
2026-02-28 14:54:51.862 | INFO     | __main__:baseline_pearson_pipeline:1010 - Building Pearson-based Rips for synth_4way
2026-02-28 14:54:52.000 | INFO     | __main__:baseline_pearson_pipeline:1037 -   synth_4way: Pearson F1@optimal=0.143, F1@gap=0.143
2026-02-28 14:54:52.010 | INFO     | __main__:main:1563 - ============================================================
2026-02-28 14:54:52.010 | INFO     | __main__:main:1564 - STEP 8: Generating Figures
2026-02-28 14:54:52.010 | INFO     | __main__:main:1565 - ============================================================
2026-02-28 14:54:52.791 | INFO     | __main__:main:1570 -   Figure 1 (F1 vs Threshold): OK
2026-02-28 14:54:53.742 | INFO     | __main__:main:1577 -   Figure 2 (Persistence Diagrams): OK
2026-02-28 14:54:54.012 | INFO     | __main__:main:1584 -   Figure 3 (Triangle Violations): OK
2026-02-28 14:54:54.308 | INFO     | __main__:main:1591 -   Figure 4 (Clique Inflation): OK
2026-02-28 14:54:54.528 | INFO     | __main__:main:1598 -   Figure 5 (dCor vs HSIC): OK
2026-02-28 14:54:55.158 | INFO     | __main__:main:1605 -   Figure 6 (Interaction Graphs): OK
2026-02-28 14:54:55.158 | INFO     | __main__:main:1611 - ============================================================
2026-02-28 14:54:55.159 | INFO     | __main__:main:1612 - Assembling method_out.json
2026-02-28 14:54:55.159 | INFO     | __main__:main:1613 - ============================================================
2026-02-28 14:54:59.980 | INFO     | __main__:main:1632 - Written: /home/adrian/projects/temp/ai-inventor-old3/aii_pipeline/runs/run__20260228_133939/3_invention_loop/iter_2/gen_art/exp_id3_it2__opus/method_out.json (38.9 MB)
2026-02-28 14:54:59.981 | INFO     | __main__:main:1635 - Total runtime: 212.2s (3.5min)
2026-02-28 14:54:59.981 | INFO     | __main__:main:1636 - DONE
2026-02-28 14:56:15.403 | INFO     | __main__:main:1511 - SC-OTS Simplicial Complex Construction Pipeline Validation
2026-02-28 14:56:15.403 | INFO     | __main__:main:1512 - ============================================================
2026-02-28 14:56:15.403 | INFO     | __main__:load_all_datasets:125 - Loading data from /home/adrian/projects/temp/ai-inventor-old3/aii_pipeline/runs/run__20260228_133939/3_invention_loop/iter_1/gen_art/data_id3_it1__opus/full_data_out.json
2026-02-28 14:56:16.199 | INFO     | __main__:load_all_datasets:127 - Loaded 10 datasets, 63205 total examples
2026-02-28 14:56:16.220 | INFO     | __main__:load_all_datasets:160 -   friedman1: X=(5000, 10), task=regression, features=10
2026-02-28 14:56:16.232 | INFO     | __main__:load_all_datasets:160 -   friedman3: X=(5000, 4), task=regression, features=4
2026-02-28 14:56:16.254 | INFO     | __main__:load_all_datasets:160 -   synth_3way: X=(5000, 15), task=regression, features=15
2026-02-28 14:56:16.277 | INFO     | __main__:load_all_datasets:160 -   synth_4way: X=(5000, 20), task=regression, features=20
2026-02-28 14:56:16.280 | INFO     | __main__:load_all_datasets:160 -   diabetes: X=(768, 8), task=classification, features=8
2026-02-28 14:56:16.282 | INFO     | __main__:load_all_datasets:160 -   breast_w: X=(699, 9), task=classification, features=9
2026-02-28 14:56:16.469 | INFO     | __main__:load_all_datasets:160 -   adult: X=(10000, 96), task=classification, features=96
2026-02-28 14:56:16.491 | INFO     | __main__:load_all_datasets:160 -   wine_quality: X=(6497, 11), task=regression, features=11
2026-02-28 14:56:16.554 | INFO     | __main__:load_all_datasets:160 -   california_housing: X=(20640, 8), task=regression, features=8
2026-02-28 14:56:16.600 | INFO     | __main__:load_all_datasets:160 -   spambase: X=(4601, 57), task=classification, features=57
2026-02-28 14:56:16.654 | INFO     | __main__:step1_dcor_matrices:211 - ============================================================
2026-02-28 14:56:16.654 | INFO     | __main__:step1_dcor_matrices:212 - STEP 1: Pairwise Distance Correlation Matrices
2026-02-28 14:56:16.654 | INFO     | __main__:step1_dcor_matrices:213 - ============================================================
2026-02-28 14:56:16.654 | INFO     | __main__:step1_dcor_matrices:220 - Computing dCor matrix for friedman1 (n=5000, p=10)
2026-02-28 14:56:16.751 | INFO     | __main__:step1_dcor_matrices:224 -   dCor matrix computed in 0.1s
2026-02-28 14:56:16.752 | INFO     | __main__:step1_dcor_matrices:220 - Computing dCor matrix for friedman3 (n=5000, p=4)
2026-02-28 14:56:16.764 | INFO     | __main__:step1_dcor_matrices:224 -   dCor matrix computed in 0.0s
2026-02-28 14:56:16.765 | INFO     | __main__:step1_dcor_matrices:220 - Computing dCor matrix for synth_3way (n=5000, p=15)
2026-02-28 14:56:16.965 | INFO     | __main__:step1_dcor_matrices:224 -   dCor matrix computed in 0.2s
2026-02-28 14:56:16.966 | INFO     | __main__:step1_dcor_matrices:220 - Computing dCor matrix for synth_4way (n=5000, p=20)
2026-02-28 14:56:17.328 | INFO     | __main__:step1_dcor_matrices:224 -   dCor matrix computed in 0.4s
2026-02-28 14:56:17.329 | INFO     | __main__:step1_dcor_matrices:220 - Computing dCor matrix for diabetes (n=768, p=8)
2026-02-28 14:56:17.348 | INFO     | __main__:step1_dcor_matrices:224 -   dCor matrix computed in 0.0s
2026-02-28 14:56:17.348 | INFO     | __main__:step1_dcor_matrices:220 - Computing dCor matrix for breast_w (n=699, p=9)
2026-02-28 14:56:17.368 | INFO     | __main__:step1_dcor_matrices:224 -   dCor matrix computed in 0.0s
2026-02-28 14:56:17.368 | INFO     | __main__:step1_dcor_matrices:220 - Computing dCor matrix for adult (n=10000, p=96)
2026-02-28 14:56:24.399 | INFO     | __main__:step1_dcor_matrices:224 -   dCor matrix computed in 7.0s
2026-02-28 14:56:24.404 | INFO     | __main__:step1_dcor_matrices:220 - Computing dCor matrix for wine_quality (n=6497, p=11)
2026-02-28 14:56:24.519 | INFO     | __main__:step1_dcor_matrices:224 -   dCor matrix computed in 0.1s
2026-02-28 14:56:24.520 | INFO     | __main__:step1_dcor_matrices:220 - Computing dCor matrix for california_housing (n=20640, p=8)
2026-02-28 14:56:24.573 | INFO     | __main__:step1_dcor_matrices:224 -   dCor matrix computed in 0.1s
2026-02-28 14:56:24.574 | INFO     | __main__:step1_dcor_matrices:220 - Computing dCor matrix for spambase (n=4601, p=57)
2026-02-28 14:56:27.122 | INFO     | __main__:step1_dcor_matrices:224 -   dCor matrix computed in 2.5s
2026-02-28 14:56:27.124 | INFO     | __main__:step1b_interaction_dcor:295 - ============================================================
2026-02-28 14:56:27.124 | INFO     | __main__:step1b_interaction_dcor:296 - STEP 1b: Feature-Target Interaction dCor (Enhanced)
2026-02-28 14:56:27.124 | INFO     | __main__:step1b_interaction_dcor:297 - ============================================================
2026-02-28 14:56:27.124 | INFO     | __main__:step1b_interaction_dcor:308 - Computing interaction dCor for friedman1 (n=5000, p=10)
2026-02-28 14:56:33.355 | INFO     | __main__:step1b_interaction_dcor:312 -   Interaction dCor matrix computed in 6.2s
2026-02-28 14:56:33.355 | INFO     | __main__:step1b_interaction_dcor:319 -   Top 5 interactions:
2026-02-28 14:56:33.356 | INFO     | __main__:step1b_interaction_dcor:321 -     (0,1): 0.0827
2026-02-28 14:56:33.356 | INFO     | __main__:step1b_interaction_dcor:321 -     (1,3): 0.0356
2026-02-28 14:56:33.357 | INFO     | __main__:step1b_interaction_dcor:321 -     (0,3): 0.0266
2026-02-28 14:56:33.357 | INFO     | __main__:step1b_interaction_dcor:321 -     (6,8): 0.0075
2026-02-28 14:56:33.357 | INFO     | __main__:step1b_interaction_dcor:321 -     (6,9): 0.0070
2026-02-28 14:56:33.358 | INFO     | __main__:step1b_interaction_dcor:324 -   Individual dCor(feature, y):
2026-02-28 14:56:33.358 | INFO     | __main__:step1b_interaction_dcor:326 -     feature 0: 0.3833
2026-02-28 14:56:33.358 | INFO     | __main__:step1b_interaction_dcor:326 -     feature 1: 0.4018
2026-02-28 14:56:33.359 | INFO     | __main__:step1b_interaction_dcor:326 -     feature 2: 0.1369
2026-02-28 14:56:33.359 | INFO     | __main__:step1b_interaction_dcor:326 -     feature 3: 0.5360
2026-02-28 14:56:33.359 | INFO     | __main__:step1b_interaction_dcor:326 -     feature 4: 0.2439
2026-02-28 14:56:33.360 | INFO     | __main__:step1b_interaction_dcor:326 -     feature 5: 0.0278
2026-02-28 14:56:33.360 | INFO     | __main__:step1b_interaction_dcor:326 -     feature 6: 0.0292
2026-02-28 14:56:33.361 | INFO     | __main__:step1b_interaction_dcor:326 -     feature 7: 0.0392
2026-02-28 14:56:33.361 | INFO     | __main__:step1b_interaction_dcor:326 -     feature 8: 0.0343
2026-02-28 14:56:33.361 | INFO     | __main__:step1b_interaction_dcor:326 -     feature 9: 0.0313
2026-02-28 14:56:33.362 | INFO     | __main__:step1b_interaction_dcor:308 - Computing interaction dCor for friedman3 (n=5000, p=4)
2026-02-28 14:56:34.131 | INFO     | __main__:step1b_interaction_dcor:312 -   Interaction dCor matrix computed in 0.8s
2026-02-28 14:56:34.132 | INFO     | __main__:step1b_interaction_dcor:319 -   Top 5 interactions:
2026-02-28 14:56:34.132 | INFO     | __main__:step1b_interaction_dcor:321 -     (0,1): 0.0021
2026-02-28 14:56:34.132 | INFO     | __main__:step1b_interaction_dcor:321 -     (0,3): 0.0008
2026-02-28 14:56:34.133 | INFO     | __main__:step1b_interaction_dcor:321 -     (1,3): 0.0000
2026-02-28 14:56:34.133 | INFO     | __main__:step1b_interaction_dcor:321 -     (0,2): 0.0000
2026-02-28 14:56:34.133 | INFO     | __main__:step1b_interaction_dcor:321 -     (1,2): 0.0000
2026-02-28 14:56:34.133 | INFO     | __main__:step1b_interaction_dcor:324 -   Individual dCor(feature, y):
2026-02-28 14:56:34.134 | INFO     | __main__:step1b_interaction_dcor:326 -     feature 0: 0.3218
2026-02-28 14:56:34.134 | INFO     | __main__:step1b_interaction_dcor:326 -     feature 1: 0.3568
2026-02-28 14:56:34.134 | INFO     | __main__:step1b_interaction_dcor:326 -     feature 2: 0.5589
2026-02-28 14:56:34.134 | INFO     | __main__:step1b_interaction_dcor:326 -     feature 3: 0.0336
2026-02-28 14:56:34.134 | INFO     | __main__:step1b_interaction_dcor:308 - Computing interaction dCor for synth_3way (n=5000, p=15)
2026-02-28 14:56:48.195 | INFO     | __main__:step1b_interaction_dcor:312 -   Interaction dCor matrix computed in 14.1s
2026-02-28 14:56:48.196 | INFO     | __main__:step1b_interaction_dcor:319 -   Top 5 interactions:
2026-02-28 14:56:48.196 | INFO     | __main__:step1b_interaction_dcor:321 -     (3,4): 0.0788
2026-02-28 14:56:48.196 | INFO     | __main__:step1b_interaction_dcor:321 -     (1,2): 0.0347
2026-02-28 14:56:48.197 | INFO     | __main__:step1b_interaction_dcor:321 -     (0,4): 0.0154
2026-02-28 14:56:48.197 | INFO     | __main__:step1b_interaction_dcor:321 -     (6,7): 0.0145
2026-02-28 14:56:48.197 | INFO     | __main__:step1b_interaction_dcor:321 -     (9,13): 0.0096
2026-02-28 14:56:48.197 | INFO     | __main__:step1b_interaction_dcor:324 -   Individual dCor(feature, y):
2026-02-28 14:56:48.198 | INFO     | __main__:step1b_interaction_dcor:326 -     feature 0: 0.5837
2026-02-28 14:56:48.198 | INFO     | __main__:step1b_interaction_dcor:326 -     feature 1: 0.2018
2026-02-28 14:56:48.198 | INFO     | __main__:step1b_interaction_dcor:326 -     feature 2: 0.2255
2026-02-28 14:56:48.198 | INFO     | __main__:step1b_interaction_dcor:326 -     feature 3: 0.3656
2026-02-28 14:56:48.198 | INFO     | __main__:step1b_interaction_dcor:326 -     feature 4: 0.3853
2026-02-28 14:56:48.199 | INFO     | __main__:step1b_interaction_dcor:326 -     feature 5: 0.0354
2026-02-28 14:56:48.199 | INFO     | __main__:step1b_interaction_dcor:326 -     feature 6: 0.0332
2026-02-28 14:56:48.199 | INFO     | __main__:step1b_interaction_dcor:326 -     feature 7: 0.0330
2026-02-28 14:56:48.199 | INFO     | __main__:step1b_interaction_dcor:326 -     feature 8: 0.0467
2026-02-28 14:56:48.199 | INFO     | __main__:step1b_interaction_dcor:326 -     feature 9: 0.0332
2026-02-28 14:56:48.200 | INFO     | __main__:step1b_interaction_dcor:326 -     feature 10: 0.0348
2026-02-28 14:56:48.200 | INFO     | __main__:step1b_interaction_dcor:326 -     feature 11: 0.0691
2026-02-28 14:56:48.200 | INFO     | __main__:step1b_interaction_dcor:326 -     feature 12: 0.0421
2026-02-28 14:56:48.200 | INFO     | __main__:step1b_interaction_dcor:326 -     feature 13: 0.0315
2026-02-28 14:56:48.200 | INFO     | __main__:step1b_interaction_dcor:326 -     feature 14: 0.0361
2026-02-28 14:56:48.200 | INFO     | __main__:step1b_interaction_dcor:308 - Computing interaction dCor for synth_4way (n=5000, p=20)
2026-02-28 14:57:16.080 | INFO     | __main__:step1b_interaction_dcor:312 -   Interaction dCor matrix computed in 27.9s
2026-02-28 14:57:16.080 | INFO     | __main__:step1b_interaction_dcor:319 -   Top 5 interactions:
2026-02-28 14:57:16.080 | INFO     | __main__:step1b_interaction_dcor:321 -     (0,4): 0.0922
2026-02-28 14:57:16.081 | INFO     | __main__:step1b_interaction_dcor:321 -     (1,2): 0.0187
2026-02-28 14:57:16.081 | INFO     | __main__:step1b_interaction_dcor:321 -     (11,18): 0.0127
2026-02-28 14:57:16.081 | INFO     | __main__:step1b_interaction_dcor:321 -     (1,3): 0.0123
2026-02-28 14:57:16.082 | INFO     | __main__:step1b_interaction_dcor:321 -     (2,3): 0.0113
2026-02-28 14:57:16.082 | INFO     | __main__:step1b_interaction_dcor:324 -   Individual dCor(feature, y):
2026-02-28 14:57:16.082 | INFO     | __main__:step1b_interaction_dcor:326 -     feature 0: 0.5528
2026-02-28 14:57:16.082 | INFO     | __main__:step1b_interaction_dcor:326 -     feature 1: 0.0932
2026-02-28 14:57:16.083 | INFO     | __main__:step1b_interaction_dcor:326 -     feature 2: 0.0890
2026-02-28 14:57:16.083 | INFO     | __main__:step1b_interaction_dcor:326 -     feature 3: 0.1121
2026-02-28 14:57:16.083 | INFO     | __main__:step1b_interaction_dcor:326 -     feature 4: 0.6353
2026-02-28 14:57:16.083 | INFO     | __main__:step1b_interaction_dcor:326 -     feature 5: 0.3068
2026-02-28 14:57:16.084 | INFO     | __main__:step1b_interaction_dcor:326 -     feature 6: 0.0362
2026-02-28 14:57:16.084 | INFO     | __main__:step1b_interaction_dcor:326 -     feature 7: 0.0401
2026-02-28 14:57:16.084 | INFO     | __main__:step1b_interaction_dcor:326 -     feature 8: 0.0435
2026-02-28 14:57:16.084 | INFO     | __main__:step1b_interaction_dcor:326 -     feature 9: 0.0424
2026-02-28 14:57:16.084 | INFO     | __main__:step1b_interaction_dcor:326 -     feature 10: 0.0452
2026-02-28 14:57:16.084 | INFO     | __main__:step1b_interaction_dcor:326 -     feature 11: 0.0352
2026-02-28 14:57:16.085 | INFO     | __main__:step1b_interaction_dcor:326 -     feature 12: 0.0494
2026-02-28 14:57:16.085 | INFO     | __main__:step1b_interaction_dcor:326 -     feature 13: 0.0436
2026-02-28 14:57:16.085 | INFO     | __main__:step1b_interaction_dcor:326 -     feature 14: 0.0315
2026-02-28 14:57:16.085 | INFO     | __main__:step1b_interaction_dcor:326 -     feature 15: 0.0509
2026-02-28 14:57:16.086 | INFO     | __main__:step1b_interaction_dcor:326 -     feature 16: 0.0384
2026-02-28 14:57:16.086 | INFO     | __main__:step1b_interaction_dcor:326 -     feature 17: 0.0321
2026-02-28 14:57:16.086 | INFO     | __main__:step1b_interaction_dcor:326 -     feature 18: 0.0350
2026-02-28 14:57:16.086 | INFO     | __main__:step1b_interaction_dcor:326 -     feature 19: 0.0346
2026-02-28 14:57:16.086 | INFO     | __main__:step1b_enhanced_rips:339 - ============================================================
2026-02-28 14:57:16.087 | INFO     | __main__:step1b_enhanced_rips:340 - STEP 1b RIPS: Enhanced Interaction-Based Rips
2026-02-28 14:57:16.087 | INFO     | __main__:step1b_enhanced_rips:341 - ============================================================
2026-02-28 14:57:16.087 | INFO     | __main__:step1b_enhanced_rips:365 - Building enhanced Rips for friedman1
2026-02-28 14:57:16.090 | INFO     | __main__:step1b_enhanced_rips:394 -   friedman1: Enhanced F1@optimal=1.000, F1@gap=0.400
2026-02-28 14:57:16.090 | INFO     | __main__:step1b_enhanced_rips:365 - Building enhanced Rips for friedman3
2026-02-28 14:57:16.091 | INFO     | __main__:step1b_enhanced_rips:394 -   friedman3: Enhanced F1@optimal=1.000, F1@gap=0.308
2026-02-28 14:57:16.091 | INFO     | __main__:step1b_enhanced_rips:365 - Building enhanced Rips for synth_3way
2026-02-28 14:57:16.117 | INFO     | __main__:step1b_enhanced_rips:394 -   synth_3way: Enhanced F1@optimal=0.571, F1@gap=0.571
2026-02-28 14:57:16.117 | INFO     | __main__:step1b_enhanced_rips:365 - Building enhanced Rips for synth_4way
2026-02-28 14:57:16.255 | INFO     | __main__:step1b_enhanced_rips:394 -   synth_4way: Enhanced F1@optimal=0.421, F1@gap=0.143
2026-02-28 14:57:16.261 | INFO     | __main__:step2_triangle_inequality:442 - ============================================================
2026-02-28 14:57:16.261 | INFO     | __main__:step2_triangle_inequality:443 - STEP 2: Triangle Inequality Verification
2026-02-28 14:57:16.261 | INFO     | __main__:step2_triangle_inequality:444 - ============================================================
2026-02-28 14:57:16.261 | INFO     | __main__:step2_triangle_inequality:448 - Checking triangle inequality for friedman1 (p=10)
2026-02-28 14:57:16.262 | INFO     | __main__:step2_triangle_inequality:460 -   1-dCor: 0/360 violations (rate=0.000000)
2026-02-28 14:57:16.262 | INFO     | __main__:step2_triangle_inequality:465 -   sqrt(1-dCor): 0/360 violations (rate=0.000000)
2026-02-28 14:57:16.262 | INFO     | __main__:step2_triangle_inequality:448 - Checking triangle inequality for friedman3 (p=4)
2026-02-28 14:57:16.262 | INFO     | __main__:step2_triangle_inequality:460 -   1-dCor: 0/12 violations (rate=0.000000)
2026-02-28 14:57:16.262 | INFO     | __main__:step2_triangle_inequality:465 -   sqrt(1-dCor): 0/12 violations (rate=0.000000)
2026-02-28 14:57:16.262 | INFO     | __main__:step2_triangle_inequality:448 - Checking triangle inequality for synth_3way (p=15)
2026-02-28 14:57:16.263 | INFO     | __main__:step2_triangle_inequality:460 -   1-dCor: 0/1365 violations (rate=0.000000)
2026-02-28 14:57:16.264 | INFO     | __main__:step2_triangle_inequality:465 -   sqrt(1-dCor): 0/1365 violations (rate=0.000000)
2026-02-28 14:57:16.264 | INFO     | __main__:step2_triangle_inequality:448 - Checking triangle inequality for synth_4way (p=20)
2026-02-28 14:57:16.266 | INFO     | __main__:step2_triangle_inequality:460 -   1-dCor: 0/3420 violations (rate=0.000000)
2026-02-28 14:57:16.268 | INFO     | __main__:step2_triangle_inequality:465 -   sqrt(1-dCor): 0/3420 violations (rate=0.000000)
2026-02-28 14:57:16.268 | INFO     | __main__:step2_triangle_inequality:448 - Checking triangle inequality for diabetes (p=8)
2026-02-28 14:57:16.268 | INFO     | __main__:step2_triangle_inequality:460 -   1-dCor: 0/168 violations (rate=0.000000)
2026-02-28 14:57:16.268 | INFO     | __main__:step2_triangle_inequality:465 -   sqrt(1-dCor): 0/168 violations (rate=0.000000)
2026-02-28 14:57:16.268 | INFO     | __main__:step2_triangle_inequality:448 - Checking triangle inequality for breast_w (p=9)
2026-02-28 14:57:16.269 | INFO     | __main__:step2_triangle_inequality:460 -   1-dCor: 0/252 violations (rate=0.000000)
2026-02-28 14:57:16.269 | INFO     | __main__:step2_triangle_inequality:465 -   sqrt(1-dCor): 0/252 violations (rate=0.000000)
2026-02-28 14:57:16.269 | INFO     | __main__:step2_triangle_inequality:448 - Checking triangle inequality for adult (p=96)
2026-02-28 14:57:16.495 | INFO     | __main__:step2_triangle_inequality:460 -   1-dCor: 4/428640 violations (rate=0.000009)
2026-02-28 14:57:16.734 | INFO     | __main__:step2_triangle_inequality:465 -   sqrt(1-dCor): 0/428640 violations (rate=0.000000)
2026-02-28 14:57:16.734 | INFO     | __main__:step2_triangle_inequality:448 - Checking triangle inequality for wine_quality (p=11)
2026-02-28 14:57:16.734 | INFO     | __main__:step2_triangle_inequality:460 -   1-dCor: 0/495 violations (rate=0.000000)
2026-02-28 14:57:16.735 | INFO     | __main__:step2_triangle_inequality:465 -   sqrt(1-dCor): 0/495 violations (rate=0.000000)
2026-02-28 14:57:16.735 | INFO     | __main__:step2_triangle_inequality:448 - Checking triangle inequality for california_housing (p=8)
2026-02-28 14:57:16.735 | INFO     | __main__:step2_triangle_inequality:460 -   1-dCor: 0/168 violations (rate=0.000000)
2026-02-28 14:57:16.735 | INFO     | __main__:step2_triangle_inequality:465 -   sqrt(1-dCor): 0/168 violations (rate=0.000000)
2026-02-28 14:57:16.735 | INFO     | __main__:step2_triangle_inequality:448 - Checking triangle inequality for spambase (p=57)
2026-02-28 14:57:16.786 | INFO     | __main__:step2_triangle_inequality:460 -   1-dCor: 0/87780 violations (rate=0.000000)
2026-02-28 14:57:16.838 | INFO     | __main__:step2_triangle_inequality:465 -   sqrt(1-dCor): 0/87780 violations (rate=0.000000)
2026-02-28 14:57:16.838 | INFO     | __main__:step3_rips_filtrations:574 - ============================================================
2026-02-28 14:57:16.838 | INFO     | __main__:step3_rips_filtrations:575 - STEP 3: Rips Filtration Construction
2026-02-28 14:57:16.838 | INFO     | __main__:step3_rips_filtrations:576 - ============================================================
2026-02-28 14:57:16.838 | INFO     | __main__:step3_rips_filtrations:583 - Building Rips filtration for friedman1
2026-02-28 14:57:16.838 | INFO     | __main__:step3_rips_filtrations:599 -   Using 1-dCor (raw violations=0, sqrt violations=0)
2026-02-28 14:57:16.841 | INFO     | __main__:step3_rips_filtrations:606 -   Built in 0.0s, Betti=[1, 0, 0, 0], gap_threshold=0.9621
2026-02-28 14:57:16.842 | INFO     | __main__:step3_rips_filtrations:583 - Building Rips filtration for friedman3
2026-02-28 14:57:16.842 | INFO     | __main__:step3_rips_filtrations:599 -   Using 1-dCor (raw violations=0, sqrt violations=0)
2026-02-28 14:57:16.842 | INFO     | __main__:step3_rips_filtrations:606 -   Built in 0.0s, Betti=[1, 0, 0], gap_threshold=0.9654
2026-02-28 14:57:16.842 | INFO     | __main__:step3_rips_filtrations:583 - Building Rips filtration for synth_3way
2026-02-28 14:57:16.842 | INFO     | __main__:step3_rips_filtrations:599 -   Using 1-dCor (raw violations=0, sqrt violations=0)
2026-02-28 14:57:16.861 | INFO     | __main__:step3_rips_filtrations:606 -   Built in 0.0s, Betti=[1, 0, 0, 0], gap_threshold=0.9347
2026-02-28 14:57:16.861 | INFO     | __main__:step3_rips_filtrations:583 - Building Rips filtration for synth_4way
2026-02-28 14:57:16.861 | INFO     | __main__:step3_rips_filtrations:599 -   Using 1-dCor (raw violations=0, sqrt violations=0)
2026-02-28 14:57:17.014 | INFO     | __main__:step3_rips_filtrations:606 -   Built in 0.2s, Betti=[1, 0, 0, 0], gap_threshold=0.9572
2026-02-28 14:57:17.014 | INFO     | __main__:step3_rips_filtrations:583 - Building Rips filtration for diabetes
2026-02-28 14:57:17.014 | INFO     | __main__:step3_rips_filtrations:599 -   Using 1-dCor (raw violations=0, sqrt violations=0)
2026-02-28 14:57:17.015 | INFO     | __main__:step3_rips_filtrations:606 -   Built in 0.0s, Betti=[1, 0, 0, 0], gap_threshold=0.5279
2026-02-28 14:57:17.015 | INFO     | __main__:step3_rips_filtrations:583 - Building Rips filtration for breast_w
2026-02-28 14:57:17.015 | INFO     | __main__:step3_rips_filtrations:599 -   Using 1-dCor (raw violations=0, sqrt violations=0)
2026-02-28 14:57:17.018 | INFO     | __main__:step3_rips_filtrations:606 -   Built in 0.0s, Betti=[1, 0, 0, 0], gap_threshold=0.4302
2026-02-28 14:57:17.019 | INFO     | __main__:step3_rips_filtrations:583 - Building Rips filtration for adult
2026-02-28 14:57:17.019 | INFO     | __main__:step3_rips_filtrations:599 -   Using sqrt(1-dCor) (raw violations=4, sqrt violations=0)
2026-02-28 14:57:32.568 | INFO     | __main__:step3_rips_filtrations:606 -   Built in 15.5s, Betti=[1, 0, 0], gap_threshold=0.5107
2026-02-28 14:57:32.568 | INFO     | __main__:step3_rips_filtrations:583 - Building Rips filtration for wine_quality
2026-02-28 14:57:32.568 | INFO     | __main__:step3_rips_filtrations:599 -   Using 1-dCor (raw violations=0, sqrt violations=0)
2026-02-28 14:57:32.571 | INFO     | __main__:step3_rips_filtrations:606 -   Built in 0.0s, Betti=[1, 0, 0, 0], gap_threshold=0.3953
2026-02-28 14:57:32.572 | INFO     | __main__:step3_rips_filtrations:583 - Building Rips filtration for california_housing
2026-02-28 14:57:32.572 | INFO     | __main__:step3_rips_filtrations:599 -   Using 1-dCor (raw violations=0, sqrt violations=0)
2026-02-28 14:57:32.572 | INFO     | __main__:step3_rips_filtrations:606 -   Built in 0.0s, Betti=[1, 0, 0, 0], gap_threshold=0.2100
2026-02-28 14:57:32.573 | INFO     | __main__:step3_rips_filtrations:583 - Building Rips filtration for spambase
2026-02-28 14:57:32.573 | INFO     | __main__:step3_rips_filtrations:599 -   Using 1-dCor (raw violations=0, sqrt violations=0)
2026-02-28 14:57:33.584 | INFO     | __main__:step3_rips_filtrations:606 -   Built in 1.0s, Betti=[1, 0, 0], gap_threshold=0.1150
2026-02-28 14:57:33.584 | INFO     | __main__:step4_interaction_recovery:654 - ============================================================
2026-02-28 14:57:33.584 | INFO     | __main__:step4_interaction_recovery:655 - STEP 4: Interaction Recovery (Precision/Recall)
2026-02-28 14:57:33.584 | INFO     | __main__:step4_interaction_recovery:656 - ============================================================
2026-02-28 14:57:33.584 | INFO     | __main__:step4_interaction_recovery:668 - friedman1: 1 ground-truth simplices, 1 after closure expansion
2026-02-28 14:57:33.585 | INFO     | __main__:step4_interaction_recovery:704 -   friedman1: F1@optimal=0.016 (t=0.9701), F1@gap=0.000 (t=0.9621)
2026-02-28 14:57:33.585 | INFO     | __main__:step4_interaction_recovery:668 - friedman3: 3 ground-truth simplices, 11 after closure expansion
2026-02-28 14:57:33.585 | INFO     | __main__:step4_interaction_recovery:704 -   friedman3: F1@optimal=1.000 (t=0.9779), F1@gap=0.308 (t=0.9654)
2026-02-28 14:57:33.585 | INFO     | __main__:step4_interaction_recovery:668 - synth_3way: 2 ground-truth simplices, 5 after closure expansion
2026-02-28 14:57:33.587 | INFO     | __main__:step4_interaction_recovery:704 -   synth_3way: F1@optimal=0.078 (t=0.9628), F1@gap=0.000 (t=0.9347)
2026-02-28 14:57:33.587 | INFO     | __main__:step4_interaction_recovery:668 - synth_4way: 2 ground-truth simplices, 12 after closure expansion
2026-02-28 14:57:33.593 | INFO     | __main__:step4_interaction_recovery:704 -   synth_4way: F1@optimal=0.129 (t=0.9528), F1@gap=0.098 (t=0.9572)
2026-02-28 14:57:33.594 | INFO     | __main__:step5_clique_inflation:717 - ============================================================
2026-02-28 14:57:33.594 | INFO     | __main__:step5_clique_inflation:718 - STEP 5: Clique Inflation Analysis
2026-02-28 14:57:33.594 | INFO     | __main__:step5_clique_inflation:719 - ============================================================
2026-02-28 14:57:33.594 | INFO     | __main__:step5_clique_inflation:735 - Analyzing clique inflation for friedman1 at gap_threshold=0.9621
2026-02-28 14:57:33.595 | INFO     | __main__:step5_clique_inflation:761 -   dim=1: 13 total, 0 genuine, 0 inflation (rate=0.000)
2026-02-28 14:57:33.595 | INFO     | __main__:step5_clique_inflation:761 -   dim=2: 1 total, 0 genuine, 1 inflation (rate=1.000)
2026-02-28 14:57:33.595 | INFO     | __main__:step5_clique_inflation:735 - Analyzing clique inflation for friedman3 at gap_threshold=0.9654
2026-02-28 14:57:33.595 | INFO     | __main__:step5_clique_inflation:761 -   dim=1: 2 total, 2 genuine, 0 inflation (rate=0.000)
2026-02-28 14:57:33.595 | INFO     | __main__:step5_clique_inflation:735 - Analyzing clique inflation for synth_3way at gap_threshold=0.9347
2026-02-28 14:57:33.595 | INFO     | __main__:step5_clique_inflation:761 -   dim=1: 1 total, 0 genuine, 0 inflation (rate=0.000)
2026-02-28 14:57:33.595 | INFO     | __main__:step5_clique_inflation:735 - Analyzing clique inflation for synth_4way at gap_threshold=0.9572
2026-02-28 14:57:33.595 | INFO     | __main__:step5_clique_inflation:761 -   dim=1: 28 total, 2 genuine, 0 inflation (rate=0.000)
2026-02-28 14:57:33.595 | INFO     | __main__:step5_clique_inflation:761 -   dim=2: 1 total, 0 genuine, 1 inflation (rate=1.000)
2026-02-28 14:57:33.596 | INFO     | __main__:step6_hsic_comparison:815 - ============================================================
2026-02-28 14:57:33.596 | INFO     | __main__:step6_hsic_comparison:816 - STEP 6: HSIC Comparison (friedman1)
2026-02-28 14:57:33.596 | INFO     | __main__:step6_hsic_comparison:817 - ============================================================
2026-02-28 14:57:33.596 | INFO     | __main__:step6_hsic_comparison:826 - Computing HSIC matrix for friedman1 (n=5000, p=10)
2026-02-28 14:57:54.241 | INFO     | __main__:step6_hsic_comparison:831 - HSIC matrix computed in 20.6s
2026-02-28 14:57:54.244 | INFO     | __main__:step6_hsic_comparison:895 -   dCor optimal F1=0.016, HSIC optimal F1=0.045 -> comparable
2026-02-28 14:57:54.244 | INFO     | __main__:step7_real_datasets:910 - ============================================================
2026-02-28 14:57:54.244 | INFO     | __main__:step7_real_datasets:911 - STEP 7: Real Dataset Characterization
2026-02-28 14:57:54.244 | INFO     | __main__:step7_real_datasets:912 - ============================================================
2026-02-28 14:57:54.244 | INFO     | __main__:step7_real_datasets:980 -   diabetes: edges=2, triangles=0, participation=0.50
2026-02-28 14:57:54.244 | INFO     | __main__:step7_real_datasets:980 -   breast_w: edges=24, triangles=38, participation=0.89
2026-02-28 14:57:54.245 | INFO     | __main__:step7_real_datasets:980 -   california_housing: edges=1, triangles=0, participation=0.25
2026-02-28 14:57:54.245 | INFO     | __main__:step7_real_datasets:980 -   wine_quality: edges=2, triangles=0, participation=0.36
2026-02-28 14:57:54.247 | INFO     | __main__:step7_real_datasets:980 -   adult: edges=1, triangles=0, participation=0.02
2026-02-28 14:57:54.249 | INFO     | __main__:step7_real_datasets:980 -   spambase: edges=1, triangles=0, participation=0.04
2026-02-28 14:57:54.249 | INFO     | __main__:baseline_pearson_pipeline:996 - ============================================================
2026-02-28 14:57:54.249 | INFO     | __main__:baseline_pearson_pipeline:997 - BASELINE: Pearson Correlation Rips Pipeline
2026-02-28 14:57:54.249 | INFO     | __main__:baseline_pearson_pipeline:998 - ============================================================
2026-02-28 14:57:54.249 | INFO     | __main__:baseline_pearson_pipeline:1010 - Building Pearson-based Rips for friedman1
2026-02-28 14:57:54.251 | INFO     | __main__:baseline_pearson_pipeline:1037 -   friedman1: Pearson F1@optimal=0.013, F1@gap=0.000
2026-02-28 14:57:54.251 | INFO     | __main__:baseline_pearson_pipeline:1010 - Building Pearson-based Rips for friedman3
2026-02-28 14:57:54.251 | INFO     | __main__:baseline_pearson_pipeline:1037 -   friedman3: Pearson F1@optimal=1.000, F1@gap=0.308
2026-02-28 14:57:54.252 | INFO     | __main__:baseline_pearson_pipeline:1010 - Building Pearson-based Rips for synth_3way
2026-02-28 14:57:54.264 | INFO     | __main__:baseline_pearson_pipeline:1037 -   synth_3way: Pearson F1@optimal=0.111, F1@gap=0.000
2026-02-28 14:57:54.264 | INFO     | __main__:baseline_pearson_pipeline:1010 - Building Pearson-based Rips for synth_4way
2026-02-28 14:57:54.335 | INFO     | __main__:baseline_pearson_pipeline:1037 -   synth_4way: Pearson F1@optimal=0.143, F1@gap=0.143
2026-02-28 14:57:54.342 | INFO     | __main__:main:1563 - ============================================================
2026-02-28 14:57:54.343 | INFO     | __main__:main:1564 - STEP 8: Generating Figures
2026-02-28 14:57:54.343 | INFO     | __main__:main:1565 - ============================================================
2026-02-28 14:57:54.887 | INFO     | __main__:main:1570 -   Figure 1 (F1 vs Threshold): OK
2026-02-28 14:57:55.587 | INFO     | __main__:main:1577 -   Figure 2 (Persistence Diagrams): OK
2026-02-28 14:57:55.777 | INFO     | __main__:main:1584 -   Figure 3 (Triangle Violations): OK
2026-02-28 14:57:55.995 | INFO     | __main__:main:1591 -   Figure 4 (Clique Inflation): OK
2026-02-28 14:57:56.148 | INFO     | __main__:main:1598 -   Figure 5 (dCor vs HSIC): OK
2026-02-28 14:57:56.601 | INFO     | __main__:main:1605 -   Figure 6 (Interaction Graphs): OK
2026-02-28 14:57:56.601 | INFO     | __main__:main:1611 - ============================================================
2026-02-28 14:57:56.602 | INFO     | __main__:main:1612 - Assembling method_out.json
2026-02-28 14:57:56.602 | INFO     | __main__:main:1613 - ============================================================
2026-02-28 14:57:59.170 | INFO     | __main__:main:1632 - Written: /home/adrian/projects/temp/ai-inventor-old3/aii_pipeline/runs/run__20260228_133939/3_invention_loop/iter_2/gen_art/exp_id3_it2__opus/method_out.json (38.9 MB)
2026-02-28 14:57:59.170 | INFO     | __main__:main:1635 - Total runtime: 103.8s (1.7min)
2026-02-28 14:57:59.170 | INFO     | __main__:main:1636 - DONE
